  Bloque.cpp
F:\UJA\CURSO 3\IGV\Proyectos VS\IGVCRAFT\code\igvColor.h(17,2): warning C4091: 'typedef ': se ha omitido a la izquierda de '<unnamed-enum-R>' cuando no hay ninguna variable declarada
F:\UJA\CURSO 3\IGV\Proyectos VS\IGVCRAFT\code\Constantes.h(154,2): warning C4305: 'inicializando': truncamiento de 'double' a 'GLfloat'
F:\UJA\CURSO 3\IGV\Proyectos VS\IGVCRAFT\code\Constantes.h(176,10): warning C4244: 'argumento': conversión de 'GLdouble' a 'GLfloat'; posible pérdida de datos
  Chunk.cpp
F:\UJA\CURSO 3\IGV\Proyectos VS\IGVCRAFT\code\igvColor.h(17,2): warning C4091: 'typedef ': se ha omitido a la izquierda de '<unnamed-enum-R>' cuando no hay ninguna variable declarada
F:\UJA\CURSO 3\IGV\Proyectos VS\IGVCRAFT\code\Constantes.h(154,2): warning C4305: 'inicializando': truncamiento de 'double' a 'GLfloat'
F:\UJA\CURSO 3\IGV\Proyectos VS\IGVCRAFT\code\Constantes.h(176,10): warning C4244: 'argumento': conversión de 'GLdouble' a 'GLfloat'; posible pérdida de datos
  Enderman.cpp
F:\UJA\CURSO 3\IGV\Proyectos VS\IGVCRAFT\code\igvColor.h(17,2): warning C4091: 'typedef ': se ha omitido a la izquierda de '<unnamed-enum-R>' cuando no hay ninguna variable declarada
F:\UJA\CURSO 3\IGV\Proyectos VS\IGVCRAFT\code\Constantes.h(154,2): warning C4305: 'inicializando': truncamiento de 'double' a 'GLfloat'
F:\UJA\CURSO 3\IGV\Proyectos VS\IGVCRAFT\code\Constantes.h(176,10): warning C4244: 'argumento': conversión de 'GLdouble' a 'GLfloat'; posible pérdida de datos
F:\UJA\CURSO 3\IGV\Proyectos VS\IGVCRAFT\code\Enderman.cpp(54,51): warning C4244: 'argumento': conversión de 'double' a 'GLfloat'; posible pérdida de datos
F:\UJA\CURSO 3\IGV\Proyectos VS\IGVCRAFT\code\Enderman.cpp(54,38): warning C4244: 'argumento': conversión de 'double' a 'GLfloat'; posible pérdida de datos
F:\UJA\CURSO 3\IGV\Proyectos VS\IGVCRAFT\code\Enderman.cpp(54,25): warning C4244: 'argumento': conversión de 'double' a 'GLfloat'; posible pérdida de datos
F:\UJA\CURSO 3\IGV\Proyectos VS\IGVCRAFT\code\Enderman.cpp(89,66): warning C4244: 'argumento': conversión de 'double' a 'GLfloat'; posible pérdida de datos
F:\UJA\CURSO 3\IGV\Proyectos VS\IGVCRAFT\code\Enderman.cpp(89,34): warning C4244: 'argumento': conversión de 'double' a 'GLfloat'; posible pérdida de datos
F:\UJA\CURSO 3\IGV\Proyectos VS\IGVCRAFT\code\Enderman.cpp(91,26): warning C4305: 'argumento': truncamiento de 'double' a 'GLfloat'
F:\UJA\CURSO 3\IGV\Proyectos VS\IGVCRAFT\code\Enderman.cpp(124,47): warning C4244: 'argumento': conversión de 'double' a 'GLfloat'; posible pérdida de datos
F:\UJA\CURSO 3\IGV\Proyectos VS\IGVCRAFT\code\Enderman.cpp(124,34): warning C4244: 'argumento': conversión de 'double' a 'GLfloat'; posible pérdida de datos
F:\UJA\CURSO 3\IGV\Proyectos VS\IGVCRAFT\code\Enderman.cpp(124,21): warning C4244: 'argumento': conversión de 'double' a 'GLfloat'; posible pérdida de datos
F:\UJA\CURSO 3\IGV\Proyectos VS\IGVCRAFT\code\Enderman.cpp(130,38): warning C4305: 'argumento': truncamiento de 'double' a 'GLfloat'
F:\UJA\CURSO 3\IGV\Proyectos VS\IGVCRAFT\code\Enderman.cpp(131,50): warning C4244: 'argumento': conversión de 'double' a 'GLfloat'; posible pérdida de datos
F:\UJA\CURSO 3\IGV\Proyectos VS\IGVCRAFT\code\Enderman.cpp(131,36): warning C4244: 'argumento': conversión de 'double' a 'GLfloat'; posible pérdida de datos
F:\UJA\CURSO 3\IGV\Proyectos VS\IGVCRAFT\code\Enderman.cpp(131,22): warning C4244: 'argumento': conversión de 'double' a 'GLfloat'; posible pérdida de datos
F:\UJA\CURSO 3\IGV\Proyectos VS\IGVCRAFT\code\Enderman.cpp(140,47): warning C4244: 'argumento': conversión de 'double' a 'GLfloat'; posible pérdida de datos
F:\UJA\CURSO 3\IGV\Proyectos VS\IGVCRAFT\code\Enderman.cpp(140,34): warning C4244: 'argumento': conversión de 'double' a 'GLfloat'; posible pérdida de datos
F:\UJA\CURSO 3\IGV\Proyectos VS\IGVCRAFT\code\Enderman.cpp(140,21): warning C4244: 'argumento': conversión de 'double' a 'GLfloat'; posible pérdida de datos
F:\UJA\CURSO 3\IGV\Proyectos VS\IGVCRAFT\code\Enderman.cpp(147,50): warning C4244: 'argumento': conversión de 'double' a 'GLfloat'; posible pérdida de datos
F:\UJA\CURSO 3\IGV\Proyectos VS\IGVCRAFT\code\Enderman.cpp(147,36): warning C4244: 'argumento': conversión de 'double' a 'GLfloat'; posible pérdida de datos
F:\UJA\CURSO 3\IGV\Proyectos VS\IGVCRAFT\code\Enderman.cpp(147,22): warning C4244: 'argumento': conversión de 'double' a 'GLfloat'; posible pérdida de datos
F:\UJA\CURSO 3\IGV\Proyectos VS\IGVCRAFT\code\Enderman.cpp(156,35): warning C4244: 'argumento': conversión de 'double' a 'GLfloat'; posible pérdida de datos
F:\UJA\CURSO 3\IGV\Proyectos VS\IGVCRAFT\code\Enderman.cpp(157,98): warning C4244: 'argumento': conversión de 'double' a 'GLfloat'; posible pérdida de datos
F:\UJA\CURSO 3\IGV\Proyectos VS\IGVCRAFT\code\Enderman.cpp(157,51): warning C4244: 'argumento': conversión de 'double' a 'GLfloat'; posible pérdida de datos
F:\UJA\CURSO 3\IGV\Proyectos VS\IGVCRAFT\code\Enderman.cpp(158,34): warning C4244: 'argumento': conversión de 'double' a 'GLfloat'; posible pérdida de datos
F:\UJA\CURSO 3\IGV\Proyectos VS\IGVCRAFT\code\Enderman.cpp(159,25): warning C4244: 'argumento': conversión de 'double' a 'GLfloat'; posible pérdida de datos
F:\UJA\CURSO 3\IGV\Proyectos VS\IGVCRAFT\code\Enderman.cpp(165,30): warning C4244: 'argumento': conversión de 'double' a 'GLfloat'; posible pérdida de datos
F:\UJA\CURSO 3\IGV\Proyectos VS\IGVCRAFT\code\Enderman.cpp(171,34): warning C4244: 'argumento': conversión de 'double' a 'GLfloat'; posible pérdida de datos
F:\UJA\CURSO 3\IGV\Proyectos VS\IGVCRAFT\code\Enderman.cpp(175,12): warning C4244: 'argumento': conversión de 'double' a 'GLfloat'; posible pérdida de datos
F:\UJA\CURSO 3\IGV\Proyectos VS\IGVCRAFT\code\Enderman.cpp(180,75): warning C4244: 'argumento': conversión de 'double' a 'GLfloat'; posible pérdida de datos
F:\UJA\CURSO 3\IGV\Proyectos VS\IGVCRAFT\code\Enderman.cpp(180,20): warning C4244: 'argumento': conversión de 'double' a 'GLfloat'; posible pérdida de datos
F:\UJA\CURSO 3\IGV\Proyectos VS\IGVCRAFT\code\Enderman.cpp(182,30): warning C4244: 'argumento': conversión de 'double' a 'GLfloat'; posible pérdida de datos
F:\UJA\CURSO 3\IGV\Proyectos VS\IGVCRAFT\code\Enderman.cpp(184,33): warning C4244: 'argumento': conversión de 'double' a 'GLfloat'; posible pérdida de datos
F:\UJA\CURSO 3\IGV\Proyectos VS\IGVCRAFT\code\Enderman.cpp(191,51): warning C4244: 'argumento': conversión de 'double' a 'GLfloat'; posible pérdida de datos
F:\UJA\CURSO 3\IGV\Proyectos VS\IGVCRAFT\code\Enderman.cpp(192,51): warning C4244: 'argumento': conversión de 'double' a 'GLfloat'; posible pérdida de datos
F:\UJA\CURSO 3\IGV\Proyectos VS\IGVCRAFT\code\Enderman.cpp(193,18): warning C4244: 'argumento': conversión de 'int' a 'GLfloat'; posible pérdida de datos
F:\UJA\CURSO 3\IGV\Proyectos VS\IGVCRAFT\code\Enderman.cpp(195,31): warning C4244: 'argumento': conversión de 'double' a 'GLfloat'; posible pérdida de datos
F:\UJA\CURSO 3\IGV\Proyectos VS\IGVCRAFT\code\Enderman.cpp(200,18): warning C4244: 'argumento': conversión de 'double' a 'GLfloat'; posible pérdida de datos
F:\UJA\CURSO 3\IGV\Proyectos VS\IGVCRAFT\code\Enderman.cpp(202,30): warning C4244: 'argumento': conversión de 'double' a 'GLfloat'; posible pérdida de datos
F:\UJA\CURSO 3\IGV\Proyectos VS\IGVCRAFT\code\Enderman.cpp(209,52): warning C4244: 'argumento': conversión de 'double' a 'GLfloat'; posible pérdida de datos
F:\UJA\CURSO 3\IGV\Proyectos VS\IGVCRAFT\code\Enderman.cpp(210,52): warning C4244: 'argumento': conversión de 'double' a 'GLfloat'; posible pérdida de datos
F:\UJA\CURSO 3\IGV\Proyectos VS\IGVCRAFT\code\Enderman.cpp(213,31): warning C4244: 'argumento': conversión de 'double' a 'GLfloat'; posible pérdida de datos
F:\UJA\CURSO 3\IGV\Proyectos VS\IGVCRAFT\code\Enderman.cpp(218,56): warning C4244: 'argumento': conversión de 'double' a 'GLfloat'; posible pérdida de datos
F:\UJA\CURSO 3\IGV\Proyectos VS\IGVCRAFT\code\Enderman.cpp(218,34): warning C4244: 'argumento': conversión de 'double' a 'GLfloat'; posible pérdida de datos
F:\UJA\CURSO 3\IGV\Proyectos VS\IGVCRAFT\code\Enderman.cpp(220,31): warning C4244: 'argumento': conversión de 'double' a 'GLfloat'; posible pérdida de datos
F:\UJA\CURSO 3\IGV\Proyectos VS\IGVCRAFT\code\Enderman.cpp(222,18): warning C4244: 'argumento': conversión de 'double' a 'GLfloat'; posible pérdida de datos
F:\UJA\CURSO 3\IGV\Proyectos VS\IGVCRAFT\code\Enderman.cpp(223,28): warning C4244: 'argumento': conversión de 'double' a 'GLfloat'; posible pérdida de datos
F:\UJA\CURSO 3\IGV\Proyectos VS\IGVCRAFT\code\Enderman.cpp(225,32): warning C4244: 'argumento': conversión de 'double' a 'GLfloat'; posible pérdida de datos
F:\UJA\CURSO 3\IGV\Proyectos VS\IGVCRAFT\code\Enderman.cpp(230,18): warning C4244: 'argumento': conversión de 'double' a 'GLfloat'; posible pérdida de datos
F:\UJA\CURSO 3\IGV\Proyectos VS\IGVCRAFT\code\Enderman.cpp(232,31): warning C4244: 'argumento': conversión de 'double' a 'GLfloat'; posible pérdida de datos
F:\UJA\CURSO 3\IGV\Proyectos VS\IGVCRAFT\code\Enderman.cpp(234,29): warning C4244: 'argumento': conversión de 'double' a 'GLfloat'; posible pérdida de datos
F:\UJA\CURSO 3\IGV\Proyectos VS\IGVCRAFT\code\Enderman.cpp(236,32): warning C4244: 'argumento': conversión de 'double' a 'GLfloat'; posible pérdida de datos
F:\UJA\CURSO 3\IGV\Proyectos VS\IGVCRAFT\code\Enderman.cpp(244,35): warning C4305: 'argumento': truncamiento de 'double' a 'GLfloat'
F:\UJA\CURSO 3\IGV\Proyectos VS\IGVCRAFT\code\Enderman.cpp(244,19): warning C4244: 'argumento': conversión de 'double' a 'GLfloat'; posible pérdida de datos
F:\UJA\CURSO 3\IGV\Proyectos VS\IGVCRAFT\code\Enderman.cpp(245,37): warning C4305: 'argumento': truncamiento de 'double' a 'GLfloat'
F:\UJA\CURSO 3\IGV\Proyectos VS\IGVCRAFT\code\Enderman.cpp(245,19): warning C4244: 'argumento': conversión de 'double' a 'GLfloat'; posible pérdida de datos
F:\UJA\CURSO 3\IGV\Proyectos VS\IGVCRAFT\code\Enderman.cpp(246,36): warning C4305: 'argumento': truncamiento de 'double' a 'GLfloat'
F:\UJA\CURSO 3\IGV\Proyectos VS\IGVCRAFT\code\Enderman.cpp(246,19): warning C4244: 'argumento': conversión de 'double' a 'GLfloat'; posible pérdida de datos
F:\UJA\CURSO 3\IGV\Proyectos VS\IGVCRAFT\code\Enderman.cpp(247,34): warning C4305: 'argumento': truncamiento de 'double' a 'GLfloat'
F:\UJA\CURSO 3\IGV\Proyectos VS\IGVCRAFT\code\Enderman.cpp(247,19): warning C4244: 'argumento': conversión de 'double' a 'GLfloat'; posible pérdida de datos
F:\UJA\CURSO 3\IGV\Proyectos VS\IGVCRAFT\code\Enderman.cpp(250,36): warning C4305: 'argumento': truncamiento de 'double' a 'GLfloat'
F:\UJA\CURSO 3\IGV\Proyectos VS\IGVCRAFT\code\Enderman.cpp(250,19): warning C4244: 'argumento': conversión de 'double' a 'GLfloat'; posible pérdida de datos
F:\UJA\CURSO 3\IGV\Proyectos VS\IGVCRAFT\code\Enderman.cpp(251,34): warning C4305: 'argumento': truncamiento de 'double' a 'GLfloat'
F:\UJA\CURSO 3\IGV\Proyectos VS\IGVCRAFT\code\Enderman.cpp(251,19): warning C4244: 'argumento': conversión de 'double' a 'GLfloat'; posible pérdida de datos
F:\UJA\CURSO 3\IGV\Proyectos VS\IGVCRAFT\code\Enderman.cpp(252,34): warning C4305: 'argumento': truncamiento de 'double' a 'GLfloat'
F:\UJA\CURSO 3\IGV\Proyectos VS\IGVCRAFT\code\Enderman.cpp(252,19): warning C4244: 'argumento': conversión de 'double' a 'GLfloat'; posible pérdida de datos
F:\UJA\CURSO 3\IGV\Proyectos VS\IGVCRAFT\code\Enderman.cpp(253,36): warning C4305: 'argumento': truncamiento de 'double' a 'GLfloat'
F:\UJA\CURSO 3\IGV\Proyectos VS\IGVCRAFT\code\Enderman.cpp(253,19): warning C4244: 'argumento': conversión de 'double' a 'GLfloat'; posible pérdida de datos
F:\UJA\CURSO 3\IGV\Proyectos VS\IGVCRAFT\code\Enderman.cpp(259,34): warning C4305: 'argumento': truncamiento de 'double' a 'GLfloat'
F:\UJA\CURSO 3\IGV\Proyectos VS\IGVCRAFT\code\Enderman.cpp(259,19): warning C4244: 'argumento': conversión de 'double' a 'GLfloat'; posible pérdida de datos
F:\UJA\CURSO 3\IGV\Proyectos VS\IGVCRAFT\code\Enderman.cpp(260,36): warning C4305: 'argumento': truncamiento de 'double' a 'GLfloat'
F:\UJA\CURSO 3\IGV\Proyectos VS\IGVCRAFT\code\Enderman.cpp(260,19): warning C4244: 'argumento': conversión de 'double' a 'GLfloat'; posible pérdida de datos
F:\UJA\CURSO 3\IGV\Proyectos VS\IGVCRAFT\code\Enderman.cpp(261,36): warning C4305: 'argumento': truncamiento de 'double' a 'GLfloat'
F:\UJA\CURSO 3\IGV\Proyectos VS\IGVCRAFT\code\Enderman.cpp(261,19): warning C4244: 'argumento': conversión de 'double' a 'GLfloat'; posible pérdida de datos
F:\UJA\CURSO 3\IGV\Proyectos VS\IGVCRAFT\code\Enderman.cpp(262,36): warning C4305: 'argumento': truncamiento de 'double' a 'GLfloat'
F:\UJA\CURSO 3\IGV\Proyectos VS\IGVCRAFT\code\Enderman.cpp(262,19): warning C4244: 'argumento': conversión de 'double' a 'GLfloat'; posible pérdida de datos
F:\UJA\CURSO 3\IGV\Proyectos VS\IGVCRAFT\code\Enderman.cpp(263,26): warning C4305: 'argumento': truncamiento de 'double' a 'GLfloat'
F:\UJA\CURSO 3\IGV\Proyectos VS\IGVCRAFT\code\Enderman.cpp(264,24): warning C4305: 'argumento': truncamiento de 'double' a 'GLfloat'
F:\UJA\CURSO 3\IGV\Proyectos VS\IGVCRAFT\code\Enderman.cpp(267,26): warning C4305: 'argumento': truncamiento de 'double' a 'GLfloat'
F:\UJA\CURSO 3\IGV\Proyectos VS\IGVCRAFT\code\Enderman.cpp(268,28): warning C4305: 'argumento': truncamiento de 'double' a 'GLfloat'
F:\UJA\CURSO 3\IGV\Proyectos VS\IGVCRAFT\code\Enderman.cpp(269,29): warning C4305: 'argumento': truncamiento de 'double' a 'GLfloat'
F:\UJA\CURSO 3\IGV\Proyectos VS\IGVCRAFT\code\Enderman.cpp(270,27): warning C4305: 'argumento': truncamiento de 'double' a 'GLfloat'
F:\UJA\CURSO 3\IGV\Proyectos VS\IGVCRAFT\code\Enderman.cpp(276,35): warning C4305: 'argumento': truncamiento de 'double' a 'GLfloat'
F:\UJA\CURSO 3\IGV\Proyectos VS\IGVCRAFT\code\Enderman.cpp(276,19): warning C4244: 'argumento': conversión de 'double' a 'GLfloat'; posible pérdida de datos
F:\UJA\CURSO 3\IGV\Proyectos VS\IGVCRAFT\code\Enderman.cpp(277,37): warning C4305: 'argumento': truncamiento de 'double' a 'GLfloat'
F:\UJA\CURSO 3\IGV\Proyectos VS\IGVCRAFT\code\Enderman.cpp(277,19): warning C4244: 'argumento': conversión de 'double' a 'GLfloat'; posible pérdida de datos
F:\UJA\CURSO 3\IGV\Proyectos VS\IGVCRAFT\code\Enderman.cpp(278,37): warning C4305: 'argumento': truncamiento de 'double' a 'GLfloat'
F:\UJA\CURSO 3\IGV\Proyectos VS\IGVCRAFT\code\Enderman.cpp(278,19): warning C4244: 'argumento': conversión de 'double' a 'GLfloat'; posible pérdida de datos
F:\UJA\CURSO 3\IGV\Proyectos VS\IGVCRAFT\code\Enderman.cpp(279,37): warning C4305: 'argumento': truncamiento de 'double' a 'GLfloat'
F:\UJA\CURSO 3\IGV\Proyectos VS\IGVCRAFT\code\Enderman.cpp(279,19): warning C4244: 'argumento': conversión de 'double' a 'GLfloat'; posible pérdida de datos
F:\UJA\CURSO 3\IGV\Proyectos VS\IGVCRAFT\code\Enderman.cpp(280,36): warning C4305: 'argumento': truncamiento de 'double' a 'GLfloat'
F:\UJA\CURSO 3\IGV\Proyectos VS\IGVCRAFT\code\Enderman.cpp(280,19): warning C4244: 'argumento': conversión de 'double' a 'GLfloat'; posible pérdida de datos
F:\UJA\CURSO 3\IGV\Proyectos VS\IGVCRAFT\code\Enderman.cpp(281,36): warning C4305: 'argumento': truncamiento de 'double' a 'GLfloat'
F:\UJA\CURSO 3\IGV\Proyectos VS\IGVCRAFT\code\Enderman.cpp(281,19): warning C4244: 'argumento': conversión de 'double' a 'GLfloat'; posible pérdida de datos
F:\UJA\CURSO 3\IGV\Proyectos VS\IGVCRAFT\code\Enderman.cpp(282,27): warning C4305: 'argumento': truncamiento de 'double' a 'GLfloat'
F:\UJA\CURSO 3\IGV\Proyectos VS\IGVCRAFT\code\Enderman.cpp(283,25): warning C4305: 'argumento': truncamiento de 'double' a 'GLfloat'
  igvCamara.cpp
F:\UJA\CURSO 3\IGV\Proyectos VS\IGVCRAFT\code\igvColor.h(17,2): warning C4091: 'typedef ': se ha omitido a la izquierda de '<unnamed-enum-R>' cuando no hay ninguna variable declarada
F:\UJA\CURSO 3\IGV\Proyectos VS\IGVCRAFT\code\Constantes.h(154,2): warning C4305: 'inicializando': truncamiento de 'double' a 'GLfloat'
F:\UJA\CURSO 3\IGV\Proyectos VS\IGVCRAFT\code\Constantes.h(176,10): warning C4244: 'argumento': conversión de 'GLdouble' a 'GLfloat'; posible pérdida de datos
  igvEscena3D.cpp
F:\UJA\CURSO 3\IGV\Proyectos VS\IGVCRAFT\code\igvColor.h(17,2): warning C4091: 'typedef ': se ha omitido a la izquierda de '<unnamed-enum-R>' cuando no hay ninguna variable declarada
F:\UJA\CURSO 3\IGV\Proyectos VS\IGVCRAFT\code\Constantes.h(154,2): warning C4305: 'inicializando': truncamiento de 'double' a 'GLfloat'
F:\UJA\CURSO 3\IGV\Proyectos VS\IGVCRAFT\code\Constantes.h(176,10): warning C4244: 'argumento': conversión de 'GLdouble' a 'GLfloat'; posible pérdida de datos
  igvInterfaz.cpp
F:\UJA\CURSO 3\IGV\Proyectos VS\IGVCRAFT\code\igvColor.h(17,2): warning C4091: 'typedef ': se ha omitido a la izquierda de '<unnamed-enum-R>' cuando no hay ninguna variable declarada
F:\UJA\CURSO 3\IGV\Proyectos VS\IGVCRAFT\code\Constantes.h(154,2): warning C4305: 'inicializando': truncamiento de 'double' a 'GLfloat'
F:\UJA\CURSO 3\IGV\Proyectos VS\IGVCRAFT\code\Constantes.h(176,10): warning C4244: 'argumento': conversión de 'GLdouble' a 'GLfloat'; posible pérdida de datos
  pr3b.cpp
F:\UJA\CURSO 3\IGV\Proyectos VS\IGVCRAFT\code\igvColor.h(17,2): warning C4091: 'typedef ': se ha omitido a la izquierda de '<unnamed-enum-R>' cuando no hay ninguna variable declarada
F:\UJA\CURSO 3\IGV\Proyectos VS\IGVCRAFT\code\Constantes.h(154,2): warning C4305: 'inicializando': truncamiento de 'double' a 'GLfloat'
F:\UJA\CURSO 3\IGV\Proyectos VS\IGVCRAFT\code\Constantes.h(176,10): warning C4244: 'argumento': conversión de 'GLdouble' a 'GLfloat'; posible pérdida de datos
  Generando código...
F:\UJA\CURSO 3\IGV\Proyectos VS\IGVCRAFT\code\Chunk.cpp(384): warning C4715: 'Chunk::getVecino': no todas las rutas de acceso de control devuelven un valor
  IGVCRAFT.vcxproj -> F:\UJA\CURSO 3\IGV\Proyectos VS\IGVCRAFT\x64\Debug\IGVCRAFT.exe
